[debug] [2019-03-01T12:05:12.610Z] ----------------------------------------------------------------------
[debug] [2019-03-01T12:05:12.617Z] Command:       C:\Program Files\nodejs\node.exe C:\Users\tbellini01\AppData\Roaming\npm\node_modules\firebase-tools\lib\bin\firebase.js deploy --token 1/pYmILKW17cdX55qzc_m42FR1HNo9Y8CZxkdHQCm6y8lPBK5NHATOe5ZqTTNZQAZt
[debug] [2019-03-01T12:05:12.617Z] CLI Version:   6.3.1
[debug] [2019-03-01T12:05:12.617Z] Platform:      win32
[debug] [2019-03-01T12:05:12.617Z] Node Version:  v8.11.3
[debug] [2019-03-01T12:05:12.622Z] Time:          Fri Mar 01 2019 13:05:12 GMT+0100 (W. Europe Standard Time)
[debug] [2019-03-01T12:05:12.622Z] ----------------------------------------------------------------------
[debug] 
[debug] [2019-03-01T12:05:12.652Z] > command requires scopes: ["email","openid","https://www.googleapis.com/auth/cloudplatformprojects.readonly","https://www.googleapis.com/auth/firebase","https://www.googleapis.com/auth/cloud-platform"]
[debug] [2019-03-01T12:05:12.652Z] > authorizing via --token option
[debug] [2019-03-01T12:05:12.652Z] [iam] checking project tommasobellini-back for permissions ["firebase.projects.get","firebasehosting.sites.update"]
[debug] [2019-03-01T12:05:12.656Z] > refreshing access token with scopes: ["email","openid","https://www.googleapis.com/auth/cloudplatformprojects.readonly","https://www.googleapis.com/auth/firebase","https://www.googleapis.com/auth/cloud-platform"]
[debug] [2019-03-01T12:05:12.656Z] >>> HTTP REQUEST POST https://www.googleapis.com/oauth2/v3/token  
 <request body omitted>
[debug] [2019-03-01T12:05:12.930Z] <<< HTTP RESPONSE 200
[debug] [2019-03-01T12:05:12.932Z] >>> HTTP REQUEST POST https://cloudresourcemanager.googleapis.com/v1/projects/tommasobellini-back:testIamPermissions  

[debug] [2019-03-01T12:05:13.814Z] <<< HTTP RESPONSE 200
[debug] [2019-03-01T12:05:13.817Z] >>> HTTP REQUEST GET https://firebase.googleapis.com/v1beta1/projects/tommasobellini-back  
 
[debug] [2019-03-01T12:05:14.091Z] <<< HTTP RESPONSE 200
[info] 
[info] === Deploying to 'tommasobellini-back'...
[info] 
[info] i  deploying hosting
[debug] [2019-03-01T12:05:14.103Z] >>> HTTP REQUEST POST https://firebasehosting.googleapis.com/v1beta1/sites/tommasobellini-back/versions  

